2019-06-07 12:32:17 [::1][-][-][error][yii\base\ErrorException:8] yii\base\ErrorException: Undefined index: device_type in /var/www/html/chiefsRS/api/controllers/UsersController.php:63
Stack trace:
#0 /var/www/html/chiefsRS/api/controllers/UsersController.php(63): yii\base\ErrorHandler->handleError(8, 'Undefined index...', '/var/www/html/c...', 63, Array)
#1 [internal function]: api\controllers\UsersController->actionLogin()
#2 /var/www/html/chiefsRS/vendor/yiisoft/yii2/base/InlineAction.php(57): call_user_func_array(Array, Array)
#3 /var/www/html/chiefsRS/vendor/yiisoft/yii2/base/Controller.php(157): yii\base\InlineAction->runWithParams(Array)
#4 /var/www/html/chiefsRS/vendor/yiisoft/yii2/base/Module.php(528): yii\base\Controller->runAction('login', Array)
#5 /var/www/html/chiefsRS/vendor/yiisoft/yii2/web/Application.php(103): yii\base\Module->runAction('users/login', Array)
#6 /var/www/html/chiefsRS/vendor/yiisoft/yii2/base/Application.php(386): yii\web\Application->handleRequest(Object(yii\web\Request))
#7 /var/www/html/chiefsRS/api/web/index.php(32): yii\base\Application->run()
#8 {main}
2019-06-07 12:32:17 [::1][-][-][info][application] $_GET = []

$_POST = [
    'user_email' => 'rutusha1212jdddoshi@gmail.com'
    'password' => 'admin'
    'device_id' => 'APA91bH5NJVttJXKC04OA36UDykn8RUIwtbciU6Y9t0Yg5GikL7RLz1aUIagVb9d8kPJJxqVOcCe8o9Ai67xrrXRDonlHl_R7id-p-uKbl8Gkr6NsehbqE8'
]

$_FILES = []

$_COOKIE = []

$_SERVER = [
    'REDIRECT_STATUS' => '200'
    'CONTENT_TYPE' => 'multipart/form-data; boundary=--------------------------982597501315909345662423'
    'HTTP_CACHE_CONTROL' => 'no-cache'
    'HTTP_POSTMAN_TOKEN' => 'ac5655bb-56ce-49fc-8a04-9ea903ff4997'
    'HTTP_USER_AGENT' => 'PostmanRuntime/7.6.0'
    'HTTP_ACCEPT' => '*/*'
    'HTTP_HOST' => 'localhost'
    'HTTP_ACCEPT_ENCODING' => 'gzip, deflate'
    'CONTENT_LENGTH' => '533'
    'HTTP_CONNECTION' => 'keep-alive'
    'PATH' => '/usr/local/sbin:/usr/local/bin:/usr/sbin:/usr/bin:/sbin:/bin'
    'SERVER_SIGNATURE' => '<address>Apache/2.4.29 (Ubuntu) Server at localhost Port 80</address>
'
    'SERVER_SOFTWARE' => 'Apache/2.4.29 (Ubuntu)'
    'SERVER_NAME' => 'localhost'
    'SERVER_ADDR' => '::1'
    'SERVER_PORT' => '80'
    'REMOTE_ADDR' => '::1'
    'DOCUMENT_ROOT' => '/var/www/html'
    'REQUEST_SCHEME' => 'http'
    'CONTEXT_PREFIX' => ''
    'CONTEXT_DOCUMENT_ROOT' => '/var/www/html'
    'SERVER_ADMIN' => 'webmaster@localhost'
    'SCRIPT_FILENAME' => '/var/www/html/chiefsRS/api/web/index.php'
    'REMOTE_PORT' => '46274'
    'REDIRECT_URL' => '/chiefsRS/api/web/users/login'
    'GATEWAY_INTERFACE' => 'CGI/1.1'
    'SERVER_PROTOCOL' => 'HTTP/1.1'
    'REQUEST_METHOD' => 'POST'
    'QUERY_STRING' => ''
    'REQUEST_URI' => '/chiefsRS/api/web/users/login'
    'SCRIPT_NAME' => '/chiefsRS/api/web/index.php'
    'PHP_SELF' => '/chiefsRS/api/web/index.php'
    'REQUEST_TIME_FLOAT' => 1559910737.668
    'REQUEST_TIME' => 1559910737
]
2019-06-07 12:33:20 [::1][-][-][error][yii\base\ErrorException:8] yii\base\ErrorException: Undefined index: device_type in /var/www/html/chiefsRS/api/controllers/UsersController.php:69
Stack trace:
#0 /var/www/html/chiefsRS/api/controllers/UsersController.php(69): yii\base\ErrorHandler->handleError(8, 'Undefined index...', '/var/www/html/c...', 69, Array)
#1 [internal function]: api\controllers\UsersController->actionLogin()
#2 /var/www/html/chiefsRS/vendor/yiisoft/yii2/base/InlineAction.php(57): call_user_func_array(Array, Array)
#3 /var/www/html/chiefsRS/vendor/yiisoft/yii2/base/Controller.php(157): yii\base\InlineAction->runWithParams(Array)
#4 /var/www/html/chiefsRS/vendor/yiisoft/yii2/base/Module.php(528): yii\base\Controller->runAction('login', Array)
#5 /var/www/html/chiefsRS/vendor/yiisoft/yii2/web/Application.php(103): yii\base\Module->runAction('users/login', Array)
#6 /var/www/html/chiefsRS/vendor/yiisoft/yii2/base/Application.php(386): yii\web\Application->handleRequest(Object(yii\web\Request))
#7 /var/www/html/chiefsRS/api/web/index.php(32): yii\base\Application->run()
#8 {main}
2019-06-07 12:33:20 [::1][-][-][info][application] $_GET = []

$_POST = [
    'user_email' => 'rutusha1212jdddoshi@gmail.com'
    'password' => 'admin'
    'device_id' => 'APA91bH5NJVttJXKC04OA36UDykn8RUIwtbciU6Y9t0Yg5GikL7RLz1aUIagVb9d8kPJJxqVOcCe8o9Ai67xrrXRDonlHl_R7id-p-uKbl8Gkr6NsehbqE8'
]

$_FILES = []

$_COOKIE = []

$_SERVER = [
    'REDIRECT_STATUS' => '200'
    'CONTENT_TYPE' => 'multipart/form-data; boundary=--------------------------977631412718434385928171'
    'HTTP_CACHE_CONTROL' => 'no-cache'
    'HTTP_POSTMAN_TOKEN' => '457ad69a-8919-4237-aa71-3e0b5a0cca35'
    'HTTP_USER_AGENT' => 'PostmanRuntime/7.6.0'
    'HTTP_ACCEPT' => '*/*'
    'HTTP_HOST' => 'localhost'
    'HTTP_ACCEPT_ENCODING' => 'gzip, deflate'
    'CONTENT_LENGTH' => '533'
    'HTTP_CONNECTION' => 'keep-alive'
    'PATH' => '/usr/local/sbin:/usr/local/bin:/usr/sbin:/usr/bin:/sbin:/bin'
    'SERVER_SIGNATURE' => '<address>Apache/2.4.29 (Ubuntu) Server at localhost Port 80</address>
'
    'SERVER_SOFTWARE' => 'Apache/2.4.29 (Ubuntu)'
    'SERVER_NAME' => 'localhost'
    'SERVER_ADDR' => '::1'
    'SERVER_PORT' => '80'
    'REMOTE_ADDR' => '::1'
    'DOCUMENT_ROOT' => '/var/www/html'
    'REQUEST_SCHEME' => 'http'
    'CONTEXT_PREFIX' => ''
    'CONTEXT_DOCUMENT_ROOT' => '/var/www/html'
    'SERVER_ADMIN' => 'webmaster@localhost'
    'SCRIPT_FILENAME' => '/var/www/html/chiefsRS/api/web/index.php'
    'REMOTE_PORT' => '46278'
    'REDIRECT_URL' => '/chiefsRS/api/web/users/login'
    'GATEWAY_INTERFACE' => 'CGI/1.1'
    'SERVER_PROTOCOL' => 'HTTP/1.1'
    'REQUEST_METHOD' => 'POST'
    'QUERY_STRING' => ''
    'REQUEST_URI' => '/chiefsRS/api/web/users/login'
    'SCRIPT_NAME' => '/chiefsRS/api/web/index.php'
    'PHP_SELF' => '/chiefsRS/api/web/index.php'
    'REQUEST_TIME_FLOAT' => 1559910800.257
    'REQUEST_TIME' => 1559910800
]
2019-06-07 12:33:41 [::1][-][-][error][yii\db\Exception] PDOException: SQLSTATE[01000]: Warning: 1265 Data truncated for column 'type' at row 1 in /var/www/html/chiefsRS/vendor/yiisoft/yii2/db/Command.php:1290
Stack trace:
#0 /var/www/html/chiefsRS/vendor/yiisoft/yii2/db/Command.php(1290): PDOStatement->execute()
#1 /var/www/html/chiefsRS/vendor/yiisoft/yii2/db/Command.php(1091): yii\db\Command->internalExecute('INSERT INTO `de...')
#2 /var/www/html/chiefsRS/vendor/yiisoft/yii2/db/Schema.php(433): yii\db\Command->execute()
#3 /var/www/html/chiefsRS/vendor/yiisoft/yii2/db/ActiveRecord.php(600): yii\db\Schema->insert('device_details', Array)
#4 /var/www/html/chiefsRS/vendor/yiisoft/yii2/db/ActiveRecord.php(566): yii\db\ActiveRecord->insertInternal(NULL)
#5 /var/www/html/chiefsRS/vendor/yiisoft/yii2/db/BaseActiveRecord.php(678): yii\db\ActiveRecord->insert(false, NULL)
#6 /var/www/html/chiefsRS/api/controllers/UsersController.php(73): yii\db\BaseActiveRecord->save(false)
#7 [internal function]: api\controllers\UsersController->actionLogin()
#8 /var/www/html/chiefsRS/vendor/yiisoft/yii2/base/InlineAction.php(57): call_user_func_array(Array, Array)
#9 /var/www/html/chiefsRS/vendor/yiisoft/yii2/base/Controller.php(157): yii\base\InlineAction->runWithParams(Array)
#10 /var/www/html/chiefsRS/vendor/yiisoft/yii2/base/Module.php(528): yii\base\Controller->runAction('login', Array)
#11 /var/www/html/chiefsRS/vendor/yiisoft/yii2/web/Application.php(103): yii\base\Module->runAction('users/login', Array)
#12 /var/www/html/chiefsRS/vendor/yiisoft/yii2/base/Application.php(386): yii\web\Application->handleRequest(Object(yii\web\Request))
#13 /var/www/html/chiefsRS/api/web/index.php(32): yii\base\Application->run()
#14 {main}

Next yii\db\Exception: SQLSTATE[01000]: Warning: 1265 Data truncated for column 'type' at row 1
The SQL being executed was: INSERT INTO `device_details` (`device_tocken`, `type`, `gcm_id`, `user_id`) VALUES ('APA91bH5NJVttJXKC04OA36UDykn8RUIwtbciU6Y9t0Yg5GikL7RLz1aUIagVb9d8kPJJxqVOcCe8o9Ai67xrrXRDonlHl_R7id-p-uKbl8Gkr6NsehbqE8', 'ipad', '', 2) in /var/www/html/chiefsRS/vendor/yiisoft/yii2/db/Schema.php:664
Stack trace:
#0 /var/www/html/chiefsRS/vendor/yiisoft/yii2/db/Command.php(1295): yii\db\Schema->convertException(Object(PDOException), 'INSERT INTO `de...')
#1 /var/www/html/chiefsRS/vendor/yiisoft/yii2/db/Command.php(1091): yii\db\Command->internalExecute('INSERT INTO `de...')
#2 /var/www/html/chiefsRS/vendor/yiisoft/yii2/db/Schema.php(433): yii\db\Command->execute()
#3 /var/www/html/chiefsRS/vendor/yiisoft/yii2/db/ActiveRecord.php(600): yii\db\Schema->insert('device_details', Array)
#4 /var/www/html/chiefsRS/vendor/yiisoft/yii2/db/ActiveRecord.php(566): yii\db\ActiveRecord->insertInternal(NULL)
#5 /var/www/html/chiefsRS/vendor/yiisoft/yii2/db/BaseActiveRecord.php(678): yii\db\ActiveRecord->insert(false, NULL)
#6 /var/www/html/chiefsRS/api/controllers/UsersController.php(73): yii\db\BaseActiveRecord->save(false)
#7 [internal function]: api\controllers\UsersController->actionLogin()
#8 /var/www/html/chiefsRS/vendor/yiisoft/yii2/base/InlineAction.php(57): call_user_func_array(Array, Array)
#9 /var/www/html/chiefsRS/vendor/yiisoft/yii2/base/Controller.php(157): yii\base\InlineAction->runWithParams(Array)
#10 /var/www/html/chiefsRS/vendor/yiisoft/yii2/base/Module.php(528): yii\base\Controller->runAction('login', Array)
#11 /var/www/html/chiefsRS/vendor/yiisoft/yii2/web/Application.php(103): yii\base\Module->runAction('users/login', Array)
#12 /var/www/html/chiefsRS/vendor/yiisoft/yii2/base/Application.php(386): yii\web\Application->handleRequest(Object(yii\web\Request))
#13 /var/www/html/chiefsRS/api/web/index.php(32): yii\base\Application->run()
#14 {main}
Additional Information:
Array
(
    [0] => 01000
    [1] => 1265
    [2] => Data truncated for column 'type' at row 1
)

2019-06-07 12:33:41 [::1][-][-][info][application] $_GET = []

$_POST = [
    'user_email' => 'rutusha1212jdddoshi@gmail.com'
    'password' => 'admin'
    'device_id' => 'APA91bH5NJVttJXKC04OA36UDykn8RUIwtbciU6Y9t0Yg5GikL7RLz1aUIagVb9d8kPJJxqVOcCe8o9Ai67xrrXRDonlHl_R7id-p-uKbl8Gkr6NsehbqE8'
]

$_FILES = []

$_COOKIE = []

$_SERVER = [
    'REDIRECT_STATUS' => '200'
    'CONTENT_TYPE' => 'multipart/form-data; boundary=--------------------------482259851521881651064605'
    'HTTP_CACHE_CONTROL' => 'no-cache'
    'HTTP_POSTMAN_TOKEN' => '38753806-65d6-4e4f-9b7b-d0993b48b415'
    'HTTP_USER_AGENT' => 'PostmanRuntime/7.6.0'
    'HTTP_ACCEPT' => '*/*'
    'HTTP_HOST' => 'localhost'
    'HTTP_ACCEPT_ENCODING' => 'gzip, deflate'
    'CONTENT_LENGTH' => '533'
    'HTTP_CONNECTION' => 'keep-alive'
    'PATH' => '/usr/local/sbin:/usr/local/bin:/usr/sbin:/usr/bin:/sbin:/bin'
    'SERVER_SIGNATURE' => '<address>Apache/2.4.29 (Ubuntu) Server at localhost Port 80</address>
'
    'SERVER_SOFTWARE' => 'Apache/2.4.29 (Ubuntu)'
    'SERVER_NAME' => 'localhost'
    'SERVER_ADDR' => '::1'
    'SERVER_PORT' => '80'
    'REMOTE_ADDR' => '::1'
    'DOCUMENT_ROOT' => '/var/www/html'
    'REQUEST_SCHEME' => 'http'
    'CONTEXT_PREFIX' => ''
    'CONTEXT_DOCUMENT_ROOT' => '/var/www/html'
    'SERVER_ADMIN' => 'webmaster@localhost'
    'SCRIPT_FILENAME' => '/var/www/html/chiefsRS/api/web/index.php'
    'REMOTE_PORT' => '46282'
    'REDIRECT_URL' => '/chiefsRS/api/web/users/login'
    'GATEWAY_INTERFACE' => 'CGI/1.1'
    'SERVER_PROTOCOL' => 'HTTP/1.1'
    'REQUEST_METHOD' => 'POST'
    'QUERY_STRING' => ''
    'REQUEST_URI' => '/chiefsRS/api/web/users/login'
    'SCRIPT_NAME' => '/chiefsRS/api/web/index.php'
    'PHP_SELF' => '/chiefsRS/api/web/index.php'
    'REQUEST_TIME_FLOAT' => 1559910821.588
    'REQUEST_TIME' => 1559910821
]
